<?xml version="1.0" encoding="UTF-8"?>
<testng-results ignored="0" total="1" passed="1" failed="0" skipped="0">
  <reporter-output>
  </reporter-output>
  <suite started-at="2023-09-07T17:42:37 IST" name="Default suite" finished-at="2023-09-07T17:42:37 IST" duration-ms="126">
    <groups>
    </groups>
    <test started-at="2023-09-07T17:42:37 IST" name="Default test" finished-at="2023-09-07T17:42:37 IST" duration-ms="126">
      <class name="ecom.datadrivenScript1">
        <test-method signature="mam()[pri:0, instance:ecom.datadrivenScript1@543295b0]" started-at="2023-09-07T17:42:37 IST" name="mam" finished-at="2023-09-07T17:42:37 IST" duration-ms="13" status="PASS">
          <reporter-output>
          </reporter-output>
        </test-method> <!-- mam -->
      </class> <!-- ecom.datadrivenScript1 -->
    </test> <!-- Default test -->
  </suite> <!-- Default suite -->
</testng-results>
